<?xml version="1.0" encoding="UTF-8"?>
<!-- Generated by org.testng.reporters.JUnitXMLReporter -->
<testsuite hostname="DESKTOP-UNOIIMH" ignored="0" name="CheckingFooterLinks" tests="2" failures="0" timestamp="08 Nov 2018 12:12:15 GMT" time="59.334" errors="0">
  <testcase name="employerDetails" time="45.53" classname="frontendFooterLinks.CheckingFooterLinks"/>
  <testcase name="_heckingFooterLinks" time="13.756" classname="frontendFooterLinks.CheckingFooterLinks"/>
</testsuite> <!-- CheckingFooterLinks -->
